<?xml version="1.0" encoding="UTF-8"?>
<testsuite xmlns:xsi="http://www.w3.org/2001/XMLSchema-instance" xsi:noNamespaceSchemaLocation="https://maven.apache.org/surefire/maven-surefire-plugin/xsd/surefire-test-report.xsd" version="3.0.1" name="com.mycompany.app.AppTest" time="0.062" tests="16" errors="0" skipped="0" failures="0">
  <properties>
    <property name="java.specification.version" value="17"/>
    <property name="sun.cpu.isalist" value="amd64"/>
    <property name="sun.jnu.encoding" value="Cp1251"/>
    <property name="java.class.path" value="D:\Labs\ST-5\my-app\target\test-classes;D:\Labs\ST-5\my-app\target\classes;C:\Users\golov\.m2\repository\org\junit\jupiter\junit-jupiter-api\5.11.0\junit-jupiter-api-5.11.0.jar;C:\Users\golov\.m2\repository\org\opentest4j\opentest4j\1.3.0\opentest4j-1.3.0.jar;C:\Users\golov\.m2\repository\org\junit\platform\junit-platform-commons\1.11.0\junit-platform-commons-1.11.0.jar;C:\Users\golov\.m2\repository\org\apiguardian\apiguardian-api\1.1.2\apiguardian-api-1.1.2.jar;C:\Users\golov\.m2\repository\org\junit\jupiter\junit-jupiter-params\5.11.0\junit-jupiter-params-5.11.0.jar;"/>
    <property name="java.vm.vendor" value="Eclipse Adoptium"/>
    <property name="sun.arch.data.model" value="64"/>
    <property name="user.variant" value=""/>
    <property name="java.vendor.url" value="https://adoptium.net/"/>
    <property name="user.timezone" value="Europe/Moscow"/>
    <property name="os.name" value="Windows 10"/>
    <property name="java.vm.specification.version" value="17"/>
    <property name="sun.java.launcher" value="SUN_STANDARD"/>
    <property name="user.country" value="RU"/>
    <property name="sun.boot.library.path" value="D:\OpenJDK17U-jdk_x64_windows_hotspot_17.0.15_6\jdk-17.0.15+6\bin"/>
    <property name="sun.java.command" value="C:\Users\golov\AppData\Local\Temp\surefire15014327062523050704\surefirebooter-20250420172242402_3.jar C:\Users\golov\AppData\Local\Temp\surefire15014327062523050704 2025-04-20T17-22-42_246-jvmRun1 surefire-20250420172242402_1tmp surefire_0-20250420172242402_2tmp"/>
    <property name="jdk.debug" value="release"/>
    <property name="surefire.test.class.path" value="D:\Labs\ST-5\my-app\target\test-classes;D:\Labs\ST-5\my-app\target\classes;C:\Users\golov\.m2\repository\org\junit\jupiter\junit-jupiter-api\5.11.0\junit-jupiter-api-5.11.0.jar;C:\Users\golov\.m2\repository\org\opentest4j\opentest4j\1.3.0\opentest4j-1.3.0.jar;C:\Users\golov\.m2\repository\org\junit\platform\junit-platform-commons\1.11.0\junit-platform-commons-1.11.0.jar;C:\Users\golov\.m2\repository\org\apiguardian\apiguardian-api\1.1.2\apiguardian-api-1.1.2.jar;C:\Users\golov\.m2\repository\org\junit\jupiter\junit-jupiter-params\5.11.0\junit-jupiter-params-5.11.0.jar;"/>
    <property name="sun.cpu.endian" value="little"/>
    <property name="user.home" value="C:\Users\golov"/>
    <property name="user.language" value="ru"/>
    <property name="java.specification.vendor" value="Oracle Corporation"/>
    <property name="java.version.date" value="2025-04-15"/>
    <property name="java.home" value="D:\OpenJDK17U-jdk_x64_windows_hotspot_17.0.15_6\jdk-17.0.15+6"/>
    <property name="file.separator" value="\"/>
    <property name="basedir" value="D:\Labs\ST-5\my-app"/>
    <property name="java.vm.compressedOopsMode" value="Zero based"/>
    <property name="line.separator" value="&#10;"/>
    <property name="java.vm.specification.vendor" value="Oracle Corporation"/>
    <property name="java.specification.name" value="Java Platform API Specification"/>
    <property name="surefire.real.class.path" value="C:\Users\golov\AppData\Local\Temp\surefire15014327062523050704\surefirebooter-20250420172242402_3.jar"/>
    <property name="user.script" value=""/>
    <property name="sun.management.compiler" value="HotSpot 64-Bit Tiered Compilers"/>
    <property name="java.runtime.version" value="17.0.15+6"/>
    <property name="user.name" value="golov"/>
    <property name="path.separator" value=";"/>
    <property name="os.version" value="10.0"/>
    <property name="java.runtime.name" value="OpenJDK Runtime Environment"/>
    <property name="file.encoding" value="Cp1251"/>
    <property name="java.vm.name" value="OpenJDK 64-Bit Server VM"/>
    <property name="java.vendor.version" value="Temurin-17.0.15+6"/>
    <property name="localRepository" value="C:\Users\golov\.m2\repository"/>
    <property name="java.vendor.url.bug" value="https://github.com/adoptium/adoptium-support/issues"/>
    <property name="java.io.tmpdir" value="C:\Users\golov\AppData\Local\Temp\"/>
    <property name="java.version" value="17.0.15"/>
    <property name="user.dir" value="D:\Labs\ST-5\my-app"/>
    <property name="os.arch" value="amd64"/>
    <property name="java.vm.specification.name" value="Java Virtual Machine Specification"/>
    <property name="sun.os.patch.level" value=""/>
    <property name="native.encoding" value="Cp1251"/>
    <property name="java.library.path" value="D:\OpenJDK17U-jdk_x64_windows_hotspot_17.0.15_6\jdk-17.0.15+6\bin;C:\Windows\Sun\Java\bin;C:\Windows\system32;C:\Windows;C:\Program Files\Microsoft MPI\Bin\;C:\Program Files (x86)\Common Files\Oracle\Java\java8path;C:\Program Files (x86)\Common Files\Oracle\Java\javapath;C:\Program Files\Microsoft\jdk-11.0.16.101-hotspot\bin;C:\Windows\system32;C:\Windows;C:\Windows\System32\Wbem;C:\Windows\System32\WindowsPowerShell\v1.0\;C:\Windows\System32\OpenSSH\;C:\Program Files\dotnet\;C:\Program Files (x86)\NVIDIA Corporation\PhysX\Common;D:\bin;C:\Program Files\Git\cmd;C:\Program Files\CMake\bin;%MAVEN_HOME%\bin;C:\Users\golov\AppData\Local\Programs\Python\Python311\Scripts\;C:\Users\golov\AppData\Local\Programs\Python\Python311\;C:\Users\golov\AppData\Local\Microsoft\WindowsApps;C:\Users\golov\.dotnet\tools;D:\bin;D:\Programs\IntelliJ IDEA 2023.1.3\bin;;D:\apache-maven-3.9.9-bin\apache-maven-3.9.9\bin;D:\OpenJDK17U-jdk_x64_windows_hotspot_17.0.15_6\jdk-17.0.15+6\bin;;."/>
    <property name="java.vm.info" value="mixed mode, sharing"/>
    <property name="java.vendor" value="Eclipse Adoptium"/>
    <property name="java.vm.version" value="17.0.15+6"/>
    <property name="java.specification.maintenance.version" value="1"/>
    <property name="sun.io.unicode.encoding" value="UnicodeLittle"/>
    <property name="java.class.version" value="61.0"/>
  </properties>
  <testcase name="improveMethodWithNegativeGuess" classname="com.mycompany.app.AppTest" time="0.022"/>
  <testcase name="goodMethodJustOutsideBoundary" classname="com.mycompany.app.AppTest" time="0.001"/>
  <testcase name="improveMethodWithPerfectGuess" classname="com.mycompany.app.AppTest" time="0.001"/>
  <testcase name="goodMethodAtBoundary" classname="com.mycompany.app.AppTest" time="0.001"/>
  <testcase name="improveMethodBringsGuessCloser" classname="com.mycompany.app.AppTest" time="0.001"/>
  <testcase name="calcMethodWithNonPerfectSquare" classname="com.mycompany.app.AppTest" time="0.001"/>
  <testcase name="calcMethodWithPerfectSquare" classname="com.mycompany.app.AppTest" time="0.0"/>
  <testcase name="calcMethodWithTinyInput" classname="com.mycompany.app.AppTest" time="0.0"/>
  <testcase name="calcMethodWithFractionalInput" classname="com.mycompany.app.AppTest" time="0.0"/>
  <testcase name="averageWithZeros" classname="com.mycompany.app.AppTest" time="0.0"/>
  <testcase name="iterMethodWithNegativeInitialGuess" classname="com.mycompany.app.AppTest" time="0.0"/>
  <testcase name="goodMethodWithNegativeGuess" classname="com.mycompany.app.AppTest" time="0.0"/>
  <testcase name="averageWithNegativeAndPositiveNumbers" classname="com.mycompany.app.AppTest" time="0.0"/>
  <testcase name="iterMethodWithGoodInitialGuess" classname="com.mycompany.app.AppTest" time="0.0"/>
  <testcase name="calcMethodWithZeroAndOne" classname="com.mycompany.app.AppTest" time="0.0"/>
  <testcase name="averageWithPositiveNumbers" classname="com.mycompany.app.AppTest" time="0.001"/>
</testsuite>